f:\leon\centrecable\calibration\bin\release\calibration.lib
f:\leon\centrecable\calibration\bin\release\calibration.exp
f:\leon\centrecable\calibration\calibration\x64\release\vc140.pdb
f:\leon\centrecable\calibration\calibration\x64\release\centringcable.obj
f:\leon\centrecable\calibration\calibration\x64\release\api_centringcable.obj
f:\leon\centrecable\calibration\bin\release\calibration.dll
f:\leon\centrecable\calibration\bin\release\calibration.ipdb
f:\leon\centrecable\calibration\bin\release\calibration.iobj
f:\leon\centrecable\calibration\bin\release\calibration.pdb
d:\other\centrecable\calibration\calibration\x64\release\api_centringcable.obj
d:\other\centrecable\calibration\calibration\x64\release\centringcable.obj
d:\other\centrecable\calibration\calibration\x64\release\vc140.pdb
d:\other\centrecable\calibration\bin\release\calibration.pdb
d:\other\centrecable\calibration\bin\release\calibration.dll
d:\other\centrecable\calibration\calibration\x64\release\calibration.tlog\calibration.write.1u.tlog
d:\other\centrecable\calibration\calibration\x64\release\calibration.tlog\cl.command.1.tlog
d:\other\centrecable\calibration\calibration\x64\release\calibration.tlog\cl.read.1.tlog
d:\other\centrecable\calibration\calibration\x64\release\calibration.tlog\cl.write.1.tlog
d:\other\centrecable\calibration\calibration\x64\release\calibration.tlog\link.command.1.tlog
d:\other\centrecable\calibration\calibration\x64\release\calibration.tlog\link.read.1.tlog
d:\other\centrecable\calibration\calibration\x64\release\calibration.tlog\link.write.1.tlog
