  Api_CentringCable.cpp
  centringCable.cpp
..\..\src\centringCable.cpp(3): warning C4305: “初始化”: 从“double”到“float”截断
..\..\src\centringCable.cpp(326): warning C4267: “初始化”: 从“size_t”转换到“int”，可能丢失数据
..\..\src\centringCable.cpp(329): warning C4267: “初始化”: 从“size_t”转换到“int”，可能丢失数据
..\..\src\centringCable.cpp(330): warning C4267: “初始化”: 从“size_t”转换到“int”，可能丢失数据
..\..\src\centringCable.cpp(430): warning C4305: “初始化”: 从“double”到“float”截断
..\..\src\centringCable.cpp(492): warning C4067: 预处理器指令后有意外标记 - 应输入换行符
..\..\src\centringCable.cpp(495): warning C4101: “thrMax”: 未引用的局部变量
..\..\src\centringCable.cpp(628): warning C4305: “=”: 从“int”到“float”截断
..\..\src\centringCable.cpp(629): warning C4305: “=”: 从“int”到“float”截断
..\..\src\centringCable.cpp(720): warning C4244: “初始化”: 从“double”转换到“int”，可能丢失数据
..\..\src\centringCable.cpp(1005): warning C4244: “=”: 从“float”转换到“int”，可能丢失数据
..\..\src\centringCable.cpp(1074): warning C4244: “+=”: 从“float”转换到“int”，可能丢失数据
..\..\src\centringCable.cpp(1096): warning C4244: “=”: 从“int”转换到“float”，可能丢失数据
..\..\src\centringCable.cpp(1277): warning C4267: “=”: 从“size_t”转换到“int”，可能丢失数据
..\..\src\centringCable.cpp(1282): warning C4267: “=”: 从“size_t”转换到“int”，可能丢失数据
..\..\src\centringCable.cpp(1285): warning C4267: “=”: 从“size_t”转换到“int”，可能丢失数据
    正在创建库 D:\other\centreCable\calibration\bin\release\calibration.lib 和对象 D:\other\centreCable\calibration\bin\release\calibration.exp
  正在生成代码
  725 of 727 functions (99.7%) were compiled, the rest were copied from previous compilation.
    18 functions were new in current compilation
    0 functions had inline decision re-evaluated but remain unchanged
  已完成代码的生成
  calibration.vcxproj -> D:\other\centreCable\calibration\bin\release\calibration.dll
  calibration.vcxproj -> D:\other\centreCable\calibration\bin\release\calibration.pdb (Full PDB)
